2019-10-28 13:33:01 [INFO] [29] >> ----顺丰快递验证码下载程序启动----
2019-10-28 13:33:01 [INFO] [23] >> 初始化Downloader对象
2019-10-28 13:33:01 [INFO] [26] >> 初始化Downloader对象结束
2019-10-28 13:33:03 [INFO] [32] >> 下载验证码数量：100
2019-10-28 13:33:03 [INFO] [30] >> 开始下载验证码，path = unmarked，count = 100
2019-10-28 13:33:03 [INFO] [33] >> -- i = 1 count = 100 --
2019-10-28 13:33:04 [INFO] [48] >> 验证码保存在 unmarked/.2019-10-28.png 中
2019-10-28 13:33:04 [INFO] [33] >> -- i = 2 count = 100 --
2019-10-28 13:33:05 [INFO] [48] >> 验证码保存在 unmarked/.2019-10-28_1.png 中
2019-10-28 13:33:05 [INFO] [33] >> -- i = 3 count = 100 --
2019-10-28 13:33:05 [INFO] [48] >> 验证码保存在 unmarked/.2019-10-28_2.png 中
2019-10-28 13:33:05 [INFO] [33] >> -- i = 4 count = 100 --
2019-10-28 13:33:05 [INFO] [48] >> 验证码保存在 unmarked/.2019-10-28_3.png 中
2019-10-28 13:33:05 [INFO] [33] >> -- i = 5 count = 100 --
2019-10-28 13:33:05 [INFO] [48] >> 验证码保存在 unmarked/.2019-10-28_4.png 中
2019-10-28 13:33:05 [INFO] [33] >> -- i = 6 count = 100 --
2019-10-28 13:33:06 [INFO] [48] >> 验证码保存在 unmarked/.2019-10-28_5.png 中
2019-10-28 13:33:06 [INFO] [33] >> -- i = 7 count = 100 --
2019-10-28 13:33:06 [INFO] [48] >> 验证码保存在 unmarked/.2019-10-28_6.png 中
2019-10-28 13:33:06 [INFO] [33] >> -- i = 8 count = 100 --
2019-10-28 13:33:06 [INFO] [48] >> 验证码保存在 unmarked/.2019-10-28_7.png 中
2019-10-28 13:33:06 [INFO] [33] >> -- i = 9 count = 100 --
2019-10-28 13:33:06 [INFO] [48] >> 验证码保存在 unmarked/.2019-10-28_8.png 中
2019-10-28 13:33:06 [INFO] [33] >> -- i = 10 count = 100 --
2019-10-28 13:33:06 [INFO] [48] >> 验证码保存在 unmarked/.2019-10-28_9.png 中
2019-10-28 13:33:06 [INFO] [33] >> -- i = 11 count = 100 --
2019-10-28 13:33:06 [INFO] [48] >> 验证码保存在 unmarked/.2019-10-28_10.png 中
2019-10-28 13:33:06 [INFO] [33] >> -- i = 12 count = 100 --
2019-10-28 13:33:06 [INFO] [48] >> 验证码保存在 unmarked/.2019-10-28_11.png 中
2019-10-28 13:33:06 [INFO] [33] >> -- i = 13 count = 100 --
2019-10-28 13:33:07 [INFO] [48] >> 验证码保存在 unmarked/.2019-10-28_12.png 中
2019-10-28 13:33:07 [INFO] [33] >> -- i = 14 count = 100 --
2019-10-28 13:33:07 [INFO] [48] >> 验证码保存在 unmarked/.2019-10-28_13.png 中
2019-10-28 13:33:07 [INFO] [33] >> -- i = 15 count = 100 --
2019-10-28 13:33:07 [INFO] [48] >> 验证码保存在 unmarked/.2019-10-28_14.png 中
2019-10-28 13:33:07 [INFO] [33] >> -- i = 16 count = 100 --
2019-10-28 13:33:07 [INFO] [48] >> 验证码保存在 unmarked/.2019-10-28_15.png 中
2019-10-28 13:33:07 [INFO] [33] >> -- i = 17 count = 100 --
2019-10-28 13:33:07 [INFO] [48] >> 验证码保存在 unmarked/.2019-10-28_16.png 中
2019-10-28 13:33:07 [INFO] [33] >> -- i = 18 count = 100 --
2019-10-28 13:33:07 [INFO] [48] >> 验证码保存在 unmarked/.2019-10-28_17.png 中
2019-10-28 13:33:07 [INFO] [33] >> -- i = 19 count = 100 --
2019-10-28 13:33:07 [INFO] [48] >> 验证码保存在 unmarked/.2019-10-28_18.png 中
2019-10-28 13:33:07 [INFO] [33] >> -- i = 20 count = 100 --
2019-10-28 13:33:08 [INFO] [48] >> 验证码保存在 unmarked/.2019-10-28_19.png 中
2019-10-28 13:33:08 [INFO] [33] >> -- i = 21 count = 100 --
2019-10-28 13:33:08 [INFO] [48] >> 验证码保存在 unmarked/.2019-10-28_20.png 中
2019-10-28 13:33:08 [INFO] [33] >> -- i = 22 count = 100 --
2019-10-28 13:33:08 [INFO] [48] >> 验证码保存在 unmarked/.2019-10-28_21.png 中
2019-10-28 13:33:08 [INFO] [33] >> -- i = 23 count = 100 --
2019-10-28 13:33:08 [INFO] [48] >> 验证码保存在 unmarked/.2019-10-28_22.png 中
2019-10-28 13:33:08 [INFO] [33] >> -- i = 24 count = 100 --
2019-10-28 13:33:08 [INFO] [48] >> 验证码保存在 unmarked/.2019-10-28_23.png 中
2019-10-28 13:33:08 [INFO] [33] >> -- i = 25 count = 100 --
2019-10-28 13:33:08 [INFO] [48] >> 验证码保存在 unmarked/.2019-10-28_24.png 中
2019-10-28 13:33:08 [INFO] [33] >> -- i = 26 count = 100 --
2019-10-28 13:33:09 [INFO] [48] >> 验证码保存在 unmarked/.2019-10-28_25.png 中
2019-10-28 13:33:09 [INFO] [33] >> -- i = 27 count = 100 --
2019-10-28 13:33:09 [INFO] [48] >> 验证码保存在 unmarked/.2019-10-28_26.png 中
2019-10-28 13:33:09 [INFO] [33] >> -- i = 28 count = 100 --
2019-10-28 13:33:09 [INFO] [48] >> 验证码保存在 unmarked/.2019-10-28_27.png 中
2019-10-28 13:33:09 [INFO] [33] >> -- i = 29 count = 100 --
2019-10-28 13:33:09 [INFO] [48] >> 验证码保存在 unmarked/.2019-10-28_28.png 中
2019-10-28 13:33:09 [INFO] [33] >> -- i = 30 count = 100 --
2019-10-28 13:33:09 [INFO] [48] >> 验证码保存在 unmarked/.2019-10-28_29.png 中
2019-10-28 13:33:09 [INFO] [33] >> -- i = 31 count = 100 --
2019-10-28 13:33:10 [INFO] [48] >> 验证码保存在 unmarked/.2019-10-28_30.png 中
2019-10-28 13:33:10 [INFO] [33] >> -- i = 32 count = 100 --
2019-10-28 13:33:10 [INFO] [48] >> 验证码保存在 unmarked/.2019-10-28_31.png 中
2019-10-28 13:33:10 [INFO] [33] >> -- i = 33 count = 100 --
2019-10-28 13:33:10 [INFO] [48] >> 验证码保存在 unmarked/.2019-10-28_32.png 中
2019-10-28 13:33:10 [INFO] [33] >> -- i = 34 count = 100 --
2019-10-28 13:33:10 [INFO] [48] >> 验证码保存在 unmarked/.2019-10-28_33.png 中
2019-10-28 13:33:10 [INFO] [33] >> -- i = 35 count = 100 --
2019-10-28 13:33:10 [INFO] [48] >> 验证码保存在 unmarked/.2019-10-28_34.png 中
2019-10-28 13:33:10 [INFO] [33] >> -- i = 36 count = 100 --
2019-10-28 13:33:10 [INFO] [48] >> 验证码保存在 unmarked/.2019-10-28_35.png 中
2019-10-28 13:33:10 [INFO] [33] >> -- i = 37 count = 100 --
2019-10-28 13:33:10 [INFO] [48] >> 验证码保存在 unmarked/.2019-10-28_36.png 中
2019-10-28 13:33:10 [INFO] [33] >> -- i = 38 count = 100 --
2019-10-28 13:33:11 [INFO] [48] >> 验证码保存在 unmarked/.2019-10-28_37.png 中
2019-10-28 13:33:11 [INFO] [33] >> -- i = 39 count = 100 --
2019-10-28 13:33:11 [INFO] [48] >> 验证码保存在 unmarked/.2019-10-28_38.png 中
2019-10-28 13:33:11 [INFO] [33] >> -- i = 40 count = 100 --
2019-10-28 13:33:11 [INFO] [48] >> 验证码保存在 unmarked/.2019-10-28_39.png 中
2019-10-28 13:33:11 [INFO] [33] >> -- i = 41 count = 100 --
2019-10-28 13:33:11 [INFO] [48] >> 验证码保存在 unmarked/.2019-10-28_40.png 中
2019-10-28 13:33:11 [INFO] [33] >> -- i = 42 count = 100 --
2019-10-28 13:33:11 [INFO] [48] >> 验证码保存在 unmarked/.2019-10-28_41.png 中
2019-10-28 13:33:11 [INFO] [33] >> -- i = 43 count = 100 --
2019-10-28 13:33:12 [INFO] [48] >> 验证码保存在 unmarked/.2019-10-28_42.png 中
2019-10-28 13:33:12 [INFO] [33] >> -- i = 44 count = 100 --
2019-10-28 13:33:12 [INFO] [48] >> 验证码保存在 unmarked/.2019-10-28_43.png 中
2019-10-28 13:33:12 [INFO] [33] >> -- i = 45 count = 100 --
2019-10-28 13:33:12 [INFO] [48] >> 验证码保存在 unmarked/.2019-10-28_44.png 中
2019-10-28 13:33:12 [INFO] [33] >> -- i = 46 count = 100 --
2019-10-28 13:33:12 [INFO] [48] >> 验证码保存在 unmarked/.2019-10-28_45.png 中
2019-10-28 13:33:12 [INFO] [33] >> -- i = 47 count = 100 --
2019-10-28 13:33:12 [INFO] [48] >> 验证码保存在 unmarked/.2019-10-28_46.png 中
2019-10-28 13:33:12 [INFO] [33] >> -- i = 48 count = 100 --
2019-10-28 13:33:12 [INFO] [48] >> 验证码保存在 unmarked/.2019-10-28_47.png 中
2019-10-28 13:33:12 [INFO] [33] >> -- i = 49 count = 100 --
2019-10-28 13:33:12 [INFO] [48] >> 验证码保存在 unmarked/.2019-10-28_48.png 中
2019-10-28 13:33:12 [INFO] [33] >> -- i = 50 count = 100 --
2019-10-28 13:33:13 [INFO] [48] >> 验证码保存在 unmarked/.2019-10-28_49.png 中
2019-10-28 13:33:13 [INFO] [33] >> -- i = 51 count = 100 --
2019-10-28 13:33:13 [INFO] [48] >> 验证码保存在 unmarked/.2019-10-28_50.png 中
2019-10-28 13:33:13 [INFO] [33] >> -- i = 52 count = 100 --
2019-10-28 13:33:13 [INFO] [48] >> 验证码保存在 unmarked/.2019-10-28_51.png 中
2019-10-28 13:33:13 [INFO] [33] >> -- i = 53 count = 100 --
2019-10-28 13:33:13 [INFO] [48] >> 验证码保存在 unmarked/.2019-10-28_52.png 中
2019-10-28 13:33:13 [INFO] [33] >> -- i = 54 count = 100 --
2019-10-28 13:33:13 [INFO] [48] >> 验证码保存在 unmarked/.2019-10-28_53.png 中
2019-10-28 13:33:13 [INFO] [33] >> -- i = 55 count = 100 --
2019-10-28 13:33:13 [INFO] [48] >> 验证码保存在 unmarked/.2019-10-28_54.png 中
2019-10-28 13:33:13 [INFO] [33] >> -- i = 56 count = 100 --
2019-10-28 13:33:13 [INFO] [48] >> 验证码保存在 unmarked/.2019-10-28_55.png 中
2019-10-28 13:33:13 [INFO] [33] >> -- i = 57 count = 100 --
2019-10-28 13:33:14 [INFO] [48] >> 验证码保存在 unmarked/.2019-10-28_56.png 中
2019-10-28 13:33:14 [INFO] [33] >> -- i = 58 count = 100 --
2019-10-28 13:33:14 [INFO] [48] >> 验证码保存在 unmarked/.2019-10-28_57.png 中
2019-10-28 13:33:14 [INFO] [33] >> -- i = 59 count = 100 --
2019-10-28 13:33:14 [INFO] [48] >> 验证码保存在 unmarked/.2019-10-28_58.png 中
2019-10-28 13:33:14 [INFO] [33] >> -- i = 60 count = 100 --
2019-10-28 13:33:14 [INFO] [48] >> 验证码保存在 unmarked/.2019-10-28_59.png 中
2019-10-28 13:33:14 [INFO] [33] >> -- i = 61 count = 100 --
2019-10-28 13:33:14 [INFO] [48] >> 验证码保存在 unmarked/.2019-10-28_60.png 中
2019-10-28 13:33:14 [INFO] [33] >> -- i = 62 count = 100 --
2019-10-28 13:33:14 [INFO] [48] >> 验证码保存在 unmarked/.2019-10-28_61.png 中
2019-10-28 13:33:14 [INFO] [33] >> -- i = 63 count = 100 --
2019-10-28 13:33:14 [INFO] [48] >> 验证码保存在 unmarked/.2019-10-28_62.png 中
2019-10-28 13:33:14 [INFO] [33] >> -- i = 64 count = 100 --
2019-10-28 13:33:15 [INFO] [48] >> 验证码保存在 unmarked/.2019-10-28_63.png 中
2019-10-28 13:33:15 [INFO] [33] >> -- i = 65 count = 100 --
2019-10-28 13:33:15 [INFO] [48] >> 验证码保存在 unmarked/.2019-10-28_64.png 中
2019-10-28 13:33:15 [INFO] [33] >> -- i = 66 count = 100 --
2019-10-28 13:33:15 [INFO] [48] >> 验证码保存在 unmarked/.2019-10-28_65.png 中
2019-10-28 13:33:15 [INFO] [33] >> -- i = 67 count = 100 --
2019-10-28 13:33:15 [INFO] [48] >> 验证码保存在 unmarked/.2019-10-28_66.png 中
2019-10-28 13:33:15 [INFO] [33] >> -- i = 68 count = 100 --
2019-10-28 13:33:15 [INFO] [48] >> 验证码保存在 unmarked/.2019-10-28_67.png 中
2019-10-28 13:33:15 [INFO] [33] >> -- i = 69 count = 100 --
2019-10-28 13:33:15 [INFO] [48] >> 验证码保存在 unmarked/.2019-10-28_68.png 中
2019-10-28 13:33:15 [INFO] [33] >> -- i = 70 count = 100 --
2019-10-28 13:33:15 [INFO] [48] >> 验证码保存在 unmarked/.2019-10-28_69.png 中
2019-10-28 13:33:15 [INFO] [33] >> -- i = 71 count = 100 --
2019-10-28 13:33:16 [INFO] [48] >> 验证码保存在 unmarked/.2019-10-28_70.png 中
2019-10-28 13:33:16 [INFO] [33] >> -- i = 72 count = 100 --
2019-10-28 13:33:16 [INFO] [48] >> 验证码保存在 unmarked/.2019-10-28_71.png 中
2019-10-28 13:33:16 [INFO] [33] >> -- i = 73 count = 100 --
2019-10-28 13:33:16 [INFO] [48] >> 验证码保存在 unmarked/.2019-10-28_72.png 中
2019-10-28 13:33:16 [INFO] [33] >> -- i = 74 count = 100 --
2019-10-28 13:33:16 [INFO] [48] >> 验证码保存在 unmarked/.2019-10-28_73.png 中
2019-10-28 13:33:16 [INFO] [33] >> -- i = 75 count = 100 --
2019-10-28 13:33:16 [INFO] [48] >> 验证码保存在 unmarked/.2019-10-28_74.png 中
2019-10-28 13:33:16 [INFO] [33] >> -- i = 76 count = 100 --
2019-10-28 13:33:16 [INFO] [48] >> 验证码保存在 unmarked/.2019-10-28_75.png 中
2019-10-28 13:33:16 [INFO] [33] >> -- i = 77 count = 100 --
2019-10-28 13:33:16 [INFO] [48] >> 验证码保存在 unmarked/.2019-10-28_76.png 中
2019-10-28 13:33:16 [INFO] [33] >> -- i = 78 count = 100 --
2019-10-28 13:33:17 [INFO] [48] >> 验证码保存在 unmarked/.2019-10-28_77.png 中
2019-10-28 13:33:17 [INFO] [33] >> -- i = 79 count = 100 --
2019-10-28 13:33:17 [INFO] [48] >> 验证码保存在 unmarked/.2019-10-28_78.png 中
2019-10-28 13:33:17 [INFO] [33] >> -- i = 80 count = 100 --
2019-10-28 13:33:17 [INFO] [48] >> 验证码保存在 unmarked/.2019-10-28_79.png 中
2019-10-28 13:33:17 [INFO] [33] >> -- i = 81 count = 100 --
2019-10-28 13:33:17 [INFO] [48] >> 验证码保存在 unmarked/.2019-10-28_80.png 中
2019-10-28 13:33:17 [INFO] [33] >> -- i = 82 count = 100 --
2019-10-28 13:33:17 [INFO] [48] >> 验证码保存在 unmarked/.2019-10-28_81.png 中
2019-10-28 13:33:17 [INFO] [33] >> -- i = 83 count = 100 --
2019-10-28 13:33:18 [INFO] [48] >> 验证码保存在 unmarked/.2019-10-28_82.png 中
2019-10-28 13:33:18 [INFO] [33] >> -- i = 84 count = 100 --
2019-10-28 13:33:18 [INFO] [48] >> 验证码保存在 unmarked/.2019-10-28_83.png 中
2019-10-28 13:33:18 [INFO] [33] >> -- i = 85 count = 100 --
2019-10-28 13:33:18 [INFO] [48] >> 验证码保存在 unmarked/.2019-10-28_84.png 中
2019-10-28 13:33:18 [INFO] [33] >> -- i = 86 count = 100 --
2019-10-28 13:33:18 [INFO] [48] >> 验证码保存在 unmarked/.2019-10-28_85.png 中
2019-10-28 13:33:18 [INFO] [33] >> -- i = 87 count = 100 --
2019-10-28 13:33:18 [INFO] [48] >> 验证码保存在 unmarked/.2019-10-28_86.png 中
2019-10-28 13:33:18 [INFO] [33] >> -- i = 88 count = 100 --
2019-10-28 13:33:18 [INFO] [48] >> 验证码保存在 unmarked/.2019-10-28_87.png 中
2019-10-28 13:33:18 [INFO] [33] >> -- i = 89 count = 100 --
2019-10-28 13:33:19 [INFO] [48] >> 验证码保存在 unmarked/.2019-10-28_88.png 中
2019-10-28 13:33:19 [INFO] [33] >> -- i = 90 count = 100 --
2019-10-28 13:33:19 [INFO] [48] >> 验证码保存在 unmarked/.2019-10-28_89.png 中
2019-10-28 13:33:19 [INFO] [33] >> -- i = 91 count = 100 --
2019-10-28 13:33:19 [INFO] [48] >> 验证码保存在 unmarked/.2019-10-28_90.png 中
2019-10-28 13:33:19 [INFO] [33] >> -- i = 92 count = 100 --
2019-10-28 13:33:19 [INFO] [48] >> 验证码保存在 unmarked/.2019-10-28_91.png 中
2019-10-28 13:33:19 [INFO] [33] >> -- i = 93 count = 100 --
2019-10-28 13:33:19 [INFO] [48] >> 验证码保存在 unmarked/.2019-10-28_92.png 中
2019-10-28 13:33:19 [INFO] [33] >> -- i = 94 count = 100 --
2019-10-28 13:33:20 [INFO] [48] >> 验证码保存在 unmarked/.2019-10-28_93.png 中
2019-10-28 13:33:20 [INFO] [33] >> -- i = 95 count = 100 --
2019-10-28 13:33:20 [INFO] [48] >> 验证码保存在 unmarked/.2019-10-28_94.png 中
2019-10-28 13:33:20 [INFO] [33] >> -- i = 96 count = 100 --
2019-10-28 13:33:20 [INFO] [48] >> 验证码保存在 unmarked/.2019-10-28_95.png 中
2019-10-28 13:33:20 [INFO] [33] >> -- i = 97 count = 100 --
2019-10-28 13:33:20 [INFO] [48] >> 验证码保存在 unmarked/.2019-10-28_96.png 中
2019-10-28 13:33:20 [INFO] [33] >> -- i = 98 count = 100 --
2019-10-28 13:33:20 [INFO] [48] >> 验证码保存在 unmarked/.2019-10-28_97.png 中
2019-10-28 13:33:20 [INFO] [33] >> -- i = 99 count = 100 --
2019-10-28 13:33:20 [INFO] [48] >> 验证码保存在 unmarked/.2019-10-28_98.png 中
2019-10-28 13:33:20 [INFO] [33] >> -- i = 100 count = 100 --
2019-10-28 13:33:21 [INFO] [48] >> 验证码保存在 unmarked/.2019-10-28_99.png 中
2019-10-28 13:33:21 [INFO] [49] >> 验证码下载完毕，path = unmarked，count = 100
2019-10-28 13:33:21 [INFO] [34] >> ----顺丰快递验证码下载程序结束----
2019-10-28 13:33:58 [INFO] [29] >> ----顺丰快递验证码下载程序启动----
2019-10-28 13:33:58 [INFO] [23] >> 初始化Downloader对象
2019-10-28 13:33:58 [INFO] [26] >> 初始化Downloader对象结束
2019-10-28 13:34:40 [INFO] [32] >> 下载验证码数量：0
2019-10-28 13:34:40 [INFO] [30] >> 开始下载验证码，path = unmarked，count = 0
2019-10-28 13:34:40 [INFO] [49] >> 验证码下载完毕，path = unmarked，count = 0
2019-10-28 13:34:40 [INFO] [34] >> ----顺丰快递验证码下载程序结束----
